<?xml version="1.0" encoding="UTF-8"?>
<!-- Generated by org.testng.reporters.JUnitReportReporter -->
<testsuite skipped="0" hostname="Arul-PC" name="com.harsit.com.harsit.arti.Test_1" tests="1" failures="0" timestamp="24 Feb 2019 03:03:25 GMT" time="0.008" errors="0">
  <testcase name="Arul" time="0.008" classname="com.harsit.com.harsit.arti.Test_1"/>
</testsuite> <!-- com.harsit.com.harsit.arti.Test_1 -->
